<?xml version="1.0" encoding="UTF-8"?>
<!-- Generated by org.testng.reporters.JUnitReportReporter -->
<testsuite name="Testcase_pkg.framework" tests="1" time="40.190" ignored="0" failures="0" timestamp="20 Feb 2017 10:19:57 GMT" skipped="0" hostname="EVS01CPB367" errors="0">
  <testcase name="main" time="40.190" classname="Testcase_pkg.framework"/>
</testsuite> <!-- Testcase_pkg.framework -->
